GOAL: Implement performance optimizations for the Option Chain Selector

IMPLEMENTATION PLAN:
1. Add pagination for large option chains
   - Design and implement pagination UI for the option chain table
   - Implement client-side pagination logic
   - Add server-side pagination API support if needed
   - Optimize loading performance for large chains

2. Implement client-side caching
   - Create cache layer for recently fetched option chains
   - Add cache invalidation strategy (time-based and market hours-based)
   - Optimize repeat queries for the same ticker/expiration
   - Add background refresh for real-time data

3. Optimize search functionality
   - Implement debounced search to reduce API calls
   - Add recent/favorite tickers functionality
   - Optimize typeahead suggestions
   - Improve error handling for search failures

PRIORITY: Medium
ESTIMATED COMPLETION TIME: 4 days
START DATE: March 9, 2025
